<?xml version="1.0" encoding="UTF-8"?>
<!-- Generated by org.testng.reporters.JUnitReportReporter -->
<testsuite hostname="DESKTOP-JFJG2LP" failures="0" tests="1" name="selenium.dropDown" time="15.260" errors="0" timestamp="2023-11-14T10:07:31 IST" skipped="0">
  <testcase classname="selenium.dropDown" name="f" time="15.260"/>
</testsuite> <!-- selenium.dropDown -->
