<?xml version="1.0" encoding="UTF-8"?>
<!-- Generated by org.testng.reporters.JUnitReportReporter -->
<testsuite hostname="DESKTOP-JFJG2LP" failures="0" tests="1" name="selenium.Button" time="7.156" errors="0" timestamp="2023-11-06T18:41:12 IST" skipped="0">
  <testcase classname="selenium.Button" name="f" time="7.156"/>
</testsuite> <!-- selenium.Button -->
