<?xml version="1.0" encoding="UTF-8"?>
<!-- Generated by org.testng.reporters.JUnitReportReporter -->
<testsuite hostname="DESKTOP-JFJG2LP" failures="0" tests="1" name="selenium.NewTest" time="38.935" errors="0" timestamp="2023-11-03T09:50:58 IST" skipped="0">
  <testcase classname="selenium.NewTest" name="f" time="38.935"/>
</testsuite> <!-- selenium.NewTest -->
