<?xml version="1.0" encoding="UTF-8"?>
<!-- Generated by org.testng.reporters.JUnitReportReporter -->
<testsuite hostname="DESKTOP-JFJG2LP" failures="0" tests="1" name="selenium.Writing_Xpath" time="20.380" errors="0" timestamp="2023-11-08T22:53:09 IST" skipped="0">
  <testcase classname="selenium.Writing_Xpath" name="f" time="20.380"/>
</testsuite> <!-- selenium.Writing_Xpath -->
