<?xml version="1.0" encoding="UTF-8"?>
<!-- Generated by org.testng.reporters.JUnitReportReporter -->
<testsuite hostname="DESKTOP-JFJG2LP" failures="0" tests="1" name="selenium.Drag" time="17.928" errors="0" timestamp="2023-11-23T13:50:22 IST" skipped="0">
  <testcase classname="selenium.Drag" name="f" time="17.928"/>
</testsuite> <!-- selenium.Drag -->
